[preview.themeforest.net/item/directory-listing-html-website-template-listeed/full_screen_preview/22035151a3c9.html]
[backblue.gif]
[fade.gif]
[index.html]
[public-assets.envato-static.com/assets/market/core/index-a38bf5e5a69c279f522d3b417e7542e5d1cbc7d653efb7fd9d63ac4036312ac6.css]
[public-assets.envato-static.com/assets/market/pages/preview/index-004d35cdd5d555cdd3e956d1b916825642de06529f0fe91fd9f390813761d2fc.css]
[public-assets.envato-static.com/icons/themeforest.net/apple-touch-icon-72x72-precomposed.png]
[public-assets.envato-static.com/icons/themeforest.net/apple-touch-icon-114x114-precomposed.png]
[public-assets.envato-static.com/icons/themeforest.net/apple-touch-icon-144x144-precomposed.png]
[public-assets.envato-static.com/icons/themeforest.net/apple-touch-icon-precomposed.png]
[public-assets.envato-static.com/assets/market/pages/full_screen_preview/index-212bf71ee40bef81ab31322c82c7357847ede126dcc76b32e47da0b7dba8911f.js]
[themeforest.net/item/directory-listing-html-website-template-listeed/22035151.html]
[demo.web3canvas.com/themeforest/listed/index.html]
[consent.cookiebot.com/uc.js]
[www.google-analytics.com/analytics.js]
[preview.themeforest.net/item/directory-listing-html-website-template-listeed/full_screen_preview/22035151a3c9.html]
[s3.envato.com/index.html]
[public-assets.envato-static.com/assets/common/pagination_loader-7fb337642f4cde133550f90749ee6eeb94b0d56dce6ae041cacc18c2bae22699.gif]
[public-assets.envato-static.com/assets/market/core/index-a38bf5e5a69c279f522d3b417e7542e5d1cbc7d653efb7fd9d63ac4036312ac6.css]
[public-assets.envato-static.com/assets/market/pages/preview/index-004d35cdd5d555cdd3e956d1b916825642de06529f0fe91fd9f390813761d2fc.css]
[public-assets.envato-static.com/assets/market/pages/default/index-72800f7f30bd477398be4c01fcc6b0d6eba09e93a76642467499c8788856045c.css]
[public-assets.envato-static.com/assets/market/core/head-df4183f2f1b84caa8ad6707c533e562f18a9eaae2b2e4d2081cf439c23343ad3.js]
[public-assets.envato-static.com/assets/common/transparent-1px-93ae7d494fad0fb30cbf3ae746a39c4bc7a0f8bbf87fbb587a3f3c01f3c5ce20.png]
[themeforest.net/item/directory-listing-html-website-template-listeed/reviews/22035151.html]
[themeforest.net/item/directory-listing-html-website-template-listeed/22035151/comments.html]
[themeforest.net/item/directory-listing-html-website-template-listeed/22035151/support.html]
[s3.envato.com/files/247915561/thumbnail.png]
[preview.themeforest.net/item/directory-listing-html-website-template-listeed/full_screen_preview/22035151.html]
[previews-themeforest.imgix.net/files/247915562/01_preview.__large_preview9f8a.jpg]
[public-assets.envato-static.com/assets/market/core/index-c8a0c71007fd170bfee7a56b0812ddbd2d6ff1f349cc0f8e15771b2131e62ee5.js]
[public-assets.envato-static.com/assets/market/core/lazyload-5315ade2c4aa09869ae52bad5f4e45ea446b86d4365327a7d9ba005397379ac3.js]
[themeforest.net/item/directory-listing-html-website-template-listeed/linkid.js]
[themeforest.net/item/directory-listing-html-website-template-listeed/22035151.html]
[public-assets.envato-static.com/assets/market/pages/default/index-cbdefb5ceb6da958a54ba672253a4b80f5b3506845ea0109ab78245e88b7a968.js]
[demo.web3canvas.com/cdn-cgi/apps/head/-mEFVS8y7qx5pVzWHQTCQu5gnVM.js]
[demo.web3canvas.com/themeforest/listed/css/themify-icons.css]
[demo.web3canvas.com/themeforest/listed/css/bootstrap.min.css]
[demo.web3canvas.com/themeforest/listed/css/font-awesome.min.css]
[demo.web3canvas.com/themeforest/listed/css/set1.css]
[demo.web3canvas.com/themeforest/listed/css/style.css]
[demo.web3canvas.com/themeforest/listed/images/logo.png]
[demo.web3canvas.com/themeforest/listed/listing.html]
[demo.web3canvas.com/themeforest/listed/index-two.html]
[demo.web3canvas.com/themeforest/listed/detail.html]
[demo.web3canvas.com/themeforest/listed/add-listing.html]
[demo.web3canvas.com/themeforest/listed/payment-method.html]
[demo.web3canvas.com/themeforest/listed/thank-you.html]
[demo.web3canvas.com/themeforest/listed/contact.html]
[demo.web3canvas.com/themeforest/listed/pricing.html]
[demo.web3canvas.com/themeforest/listed/404.html]
[demo.web3canvas.com/themeforest/listed/blog.html]
[demo.web3canvas.com/themeforest/listed/blog-two.html]
[demo.web3canvas.com/themeforest/listed/blog-detail.html]
[demo.web3canvas.com/themeforest/listed/login.html]
[demo.web3canvas.com/themeforest/listed/images/featured-img2.jpg]
[demo.web3canvas.com/themeforest/listed/images/featured-img1.jpg]
[demo.web3canvas.com/themeforest/listed/images/featured-img3.jpg]
[demo.web3canvas.com/themeforest/listed/images/gal1.jpg]
[demo.web3canvas.com/themeforest/listed/images/gal2.jpg]
[demo.web3canvas.com/themeforest/listed/images/gal3.jpg]
[demo.web3canvas.com/themeforest/listed/images/gal4.jpg]
[demo.web3canvas.com/themeforest/listed/images/article-img1.jpg]
[demo.web3canvas.com/themeforest/listed/images/article-img2.jpg]
[demo.web3canvas.com/themeforest/listed/images/article-img3.jpg]
[demo.web3canvas.com/themeforest/listed/images/article-img4.jpg]
[demo.web3canvas.com/themeforest/listed/images/footer-logo.png]
[demo.web3canvas.com/themeforest/listed/js/jquery-3.2.1.min.js]
[demo.web3canvas.com/themeforest/listed/js/popper.min.js]
[demo.web3canvas.com/themeforest/listed/index.html]
[preview.themeforest.net/item/directory-listing-html-website-template-listeed/full_screen_preview/linkid.html]
[www.googletagmanager.com/gtm5445.html]
[demo.web3canvas.com/themeforest/listed/js/bootstrap.min.js]
[public-assets.envato-static.com/assets/homepage_banner-5fd7aa3d7595431c2a83cc50e8d74606f21e3679d7d1d49c64311ffe080dbb82.jpg]
[public-assets.envato-static.com/assets/market/pages/default/index-72800f7f30bd477398be4c01fcc6b0d6eba09e93a76642467499c8788856045c.css]
[public-assets.envato-static.com/assets/header-footer/cross-sell__elements-33380831a942a766c3fdd66d33d77435106b10749edfe92591bf779e2dad478d.jpg]
[public-assets.envato-static.com/assets/header-footer/cross-sell__placeit-8022877c3f85406403899b8224866ef956ebf43b5036945a8faab77a01eb5f90.jpg]
[public-assets.envato-static.com/assets/header-footer/cross-sell__studio-cea5f47ba6cb30d4be16906c50b3d233125827f51efd0057098e296142e01e37.jpg]
[themeforest.net/item/directory-listing-html-website-template-listeed/reviews/linkid.js]
[themeforest.net/item/directory-listing-html-website-template-listeed/reviews/22035151.html]
[themeforest.net/images/smileys/happy.png]
[public-assets.envato-static.com/assets/common/icons-buttons/default-user-2962fd43ee315eafee8bfc08f02fee84687beb0499de44e5ab2873399944b0fe.jpg]
[themeforest.net/images/smileys/grin.png]
[themeforest.net/images/smileys/wink.png]
[themeforest.net/item/directory-listing-html-website-template-listeed/22035151/linkid.js]
[themeforest.net/item/directory-listing-html-website-template-listeed/22035151/comments.html]
[themeforest.net/item/directory-listing-html-website-template-listeed/22035151/support.html]
[preview.themeforest.net/item/directory-listing-html-website-template-listeed/full_screen_preview/22035151.html]
[themeforest.net/item/directory-listing-html-website-template-listeed/linkid.js]
[demo.web3canvas.com/themeforest/listed/css/bootstrap.min.css]
[demo.web3canvas.com/themeforest/listed/fonts/themify.eot]
[demo.web3canvas.com/themeforest/listed/fonts/themify.woff]
[demo.web3canvas.com/themeforest/listed/fonts/themifyd41d.eot]
[demo.web3canvas.com/themeforest/listed/css/themify-icons.css]
[demo.web3canvas.com/themeforest/listed/fonts/themify.ttf]
[demo.web3canvas.com/themeforest/listed/fonts/themify.svg]
[demo.web3canvas.com/themeforest/listed/fonts/fontawesome-webfont3e6e.eot]
[demo.web3canvas.com/themeforest/listed/fonts/fontawesome-webfont3e6e.woff2]
[demo.web3canvas.com/themeforest/listed/fonts/fontawesome-webfontd41d.eot]
[demo.web3canvas.com/themeforest/listed/fonts/fontawesome-webfont3e6e.woff]
[demo.web3canvas.com/themeforest/listed/fonts/fontawesome-webfont3e6e.ttf]
[demo.web3canvas.com/themeforest/listed/css/font-awesome.min.css]
[demo.web3canvas.com/themeforest/listed/fonts/fontawesome-webfont3e6e.svg]
[demo.web3canvas.com/themeforest/listed/fonts/feathericons/feathericons3869.eot]
[demo.web3canvas.com/themeforest/listed/fonts/feathericons/feathericonsd41d.eot]
[demo.web3canvas.com/themeforest/listed/fonts/feathericons/feathericons3869.woff]
[demo.web3canvas.com/themeforest/listed/fonts/feathericons/feathericons3869.ttf]
[demo.web3canvas.com/themeforest/listed/fonts/feathericons/feathericons3869.svg]
[demo.web3canvas.com/themeforest/listed/css/set1.css]
[demo.web3canvas.com/themeforest/listed/images/home-bg1.jpg]
[demo.web3canvas.com/themeforest/listed/images/howit-bg.png]
[demo.web3canvas.com/themeforest/listed/css/style.css]
[demo.web3canvas.com/themeforest/listed/css/simple-line-icons.css]
[demo.web3canvas.com/themeforest/listed/images/listing-thumb-3.jpg]
[demo.web3canvas.com/themeforest/listed/images/listing-thumb-4.jpg]
[demo.web3canvas.com/themeforest/listed/images/listing-thumb-5.jpg]
[demo.web3canvas.com/themeforest/listed/images/listing-thumb-6.jpg]
[demo.web3canvas.com/themeforest/listed/images/listing-thumb-1.jpg]
[demo.web3canvas.com/themeforest/listed/images/listing-thumb-2.jpg]
[demo.web3canvas.com/themeforest/listed/listing.html]
[demo.web3canvas.com/themeforest/listed/index-two.html]
[demo.web3canvas.com/themeforest/listed/js/script.js]
[demo.web3canvas.com/themeforest/listed/css/swiper.min.css]
[demo.web3canvas.com/themeforest/listed/css/magnific-popup.css]
[demo.web3canvas.com/themeforest/listed/images/feat_slide1.jpg]
[demo.web3canvas.com/themeforest/listed/images/feat_slide2.jpg]
[demo.web3canvas.com/themeforest/listed/images/feat_slide3.jpg]
[demo.web3canvas.com/themeforest/listed/images/feat_slide4.jpg]
[demo.web3canvas.com/themeforest/listed/images/feat_slide5.jpg]
[demo.web3canvas.com/themeforest/listed/images/feat_slide6.jpg]
[demo.web3canvas.com/themeforest/listed/images/avatar.jpg]
[demo.web3canvas.com/themeforest/listed/images/customer-img1.jpg]
[demo.web3canvas.com/themeforest/listed/images/review-img1.jpg]
[demo.web3canvas.com/themeforest/listed/images/review-img2.jpg]
[demo.web3canvas.com/themeforest/listed/images/review-img3.jpg]
[demo.web3canvas.com/themeforest/listed/images/customer-img2.jpg]
[demo.web3canvas.com/themeforest/listed/images/map.jpg]
[demo.web3canvas.com/themeforest/listed/images/follow-img.jpg]
[demo.web3canvas.com/themeforest/listed/js/jquery.magnific-popup.js]
[demo.web3canvas.com/themeforest/listed/detail.html]
[demo.web3canvas.com/themeforest/listed/add-listing.html]
[demo.web3canvas.com/themeforest/listed/images/paypal.png]
[demo.web3canvas.com/themeforest/listed/js/swiper.min.js]
[demo.web3canvas.com/themeforest/listed/images/credit.png]
[demo.web3canvas.com/themeforest/listed/payment-method.html]
[demo.web3canvas.com/themeforest/listed/thank-you.html]
[demo.web3canvas.com/cdn-cgi/scripts/5c5dd728/cloudflare-static/email-decode.min.js]
[demo.web3canvas.com/themeforest/listed/js/validate.js]
[demo.web3canvas.com/themeforest/listed/contact.html]
[demo.web3canvas.com/themeforest/listed/pricing.html]
[demo.web3canvas.com/themeforest/listed/404.html]
[demo.web3canvas.com/themeforest/listed/blog.html]
[demo.web3canvas.com/themeforest/listed/blog-two.html]
[demo.web3canvas.com/themeforest/listed/js/contact.js]
[demo.web3canvas.com/themeforest/listed/images/blog-detail-img.jpg]
[demo.web3canvas.com/themeforest/listed/images/customer-img3.jpg]
[demo.web3canvas.com/themeforest/listed/images/blog-thumb-1.jpg]
[demo.web3canvas.com/themeforest/listed/images/blog-thumb-2.jpg]
[demo.web3canvas.com/themeforest/listed/images/blog-thumb-3.jpg]
[demo.web3canvas.com/themeforest/listed/images/blog-thumb-4.jpg]
[demo.web3canvas.com/themeforest/listed/blog-detail.html]
[demo.web3canvas.com/themeforest/listed/login.html]
[public-assets.envato-static.com/assets/market/pages/images/down.png]
[themeforest.net/item/directory-listing-html-website-template-listeed/reviews/linkid.js]
[themeforest.net/item/directory-listing-html-website-template-listeed/22035151/linkid.js]
[demo.web3canvas.com/themeforest/listed/fonts/themify.svg]
[demo.web3canvas.com/themeforest/listed/fonts/fontawesome-webfont3e6e.svg]
[demo.web3canvas.com/themeforest/listed/fonts/feathericons/feathericons3869.html]
[demo.web3canvas.com/themeforest/listed/fonts/feathericons/feathericonsd41d.html]
[demo.web3canvas.com/themeforest/listed/fonts/feathericons/feathericons3869-2.html]
[demo.web3canvas.com/themeforest/listed/fonts/feathericons/feathericons3869-3.html]
[demo.web3canvas.com/themeforest/listed/fonts/feathericons/feathericons3869-4.html]
[demo.web3canvas.com/themeforest/listed/fonts/Simple-Line-Iconsb26c.eot]
[demo.web3canvas.com/themeforest/listed/fonts/Simple-Line-Iconsb26c.woff2]
[demo.web3canvas.com/themeforest/listed/fonts/Simple-Line-Iconsb26c.ttf]
[demo.web3canvas.com/themeforest/listed/fonts/Simple-Line-Iconsb26c.woff]
[demo.web3canvas.com/themeforest/listed/css/simple-line-icons.css]
[demo.web3canvas.com/themeforest/listed/css/swiper.min.css]
[demo.web3canvas.com/themeforest/listed/css/magnific-popup.css]
[demo.web3canvas.com/themeforest/listed/fonts/Simple-Line-Iconsb26c.svg]
[demo.web3canvas.com/themeforest/listed/fonts/Simple-Line-Iconsb26c.svg]
